[2026/01/16 19:37:26   INFO]           [HytaleServer] Starting HytaleServer
[2026/01/16 19:37:26   INFO]           [HytaleServer] Loading config...
[2026/01/16 19:37:26   INFO]           [HytaleServer] Authentication mode: AUTHENTICATED
[2026/01/16 19:37:26   INFO]      [ServerAuthManager] No server tokens configured. Use /auth login to authenticate, or provide tokens via CLI/environment.
[2026/01/16 19:37:26   INFO]      [ServerAuthManager] Server session ID: 7f8d68ca-abdf-40a0-bb8c-fcbea1905193
[2026/01/16 19:37:26   INFO]           [HytaleServer] Enabling Sentry
[2026/01/16 19:37:27   INFO]           [HytaleServer] Booting up HytaleServer - Version: 2026.01.13-50e69c385, Revision: 50e69c385653343d6bf1ad0103333f96dd93f54b
[2026/01/16 19:37:27   INFO]           [HytaleServer] Setup phase...
[2026/01/16 19:37:27   INFO]          [PluginManager] Loading pending core plugins!
[2026/01/16 19:37:27   INFO]          [PluginManager] - Hytale:ConsoleModule
[2026/01/16 19:37:27   INFO]          [PluginManager] - Hytale:PermissionsModule
[2026/01/16 19:37:27   INFO]          [PluginManager] - Hytale:FlyCameraModule
[2026/01/16 19:37:27   INFO]          [PluginManager] - Hytale:AssetModule
[2026/01/16 19:37:27   INFO]          [PluginManager] - Hytale:CommonAssetModule
[2026/01/16 19:37:27   INFO]          [PluginManager] - Hytale:CosmeticsModule
[2026/01/16 19:37:27   INFO]          [PluginManager] - Hytale:ServerManager
[2026/01/16 19:37:27   INFO]          [PluginManager] - Hytale:I18nModule
[2026/01/16 19:37:27   INFO]          [PluginManager] - Hytale:ItemModule
[2026/01/16 19:37:27   INFO]          [PluginManager] - Hytale:BlockTypeModule
[2026/01/16 19:37:27   INFO]          [PluginManager] - Hytale:LegacyModule
[2026/01/16 19:37:27   INFO]          [PluginManager] - Hytale:BlockModule
[2026/01/16 19:37:27   INFO]          [PluginManager] - Hytale:BlockStateModule
[2026/01/16 19:37:27   INFO]          [PluginManager] - Hytale:CollisionModule
[2026/01/16 19:37:27   INFO]          [PluginManager] - Hytale:BlockSetModule
[2026/01/16 19:37:27   INFO]          [PluginManager] - Hytale:MigrationModule
[2026/01/16 19:37:27   INFO]          [PluginManager] - Hytale:BlockHealthModule
[2026/01/16 19:37:27   INFO]          [PluginManager] - Hytale:PrefabSpawnerModule
[2026/01/16 19:37:27   INFO]          [PluginManager] - Hytale:TimeModule
[2026/01/16 19:37:27   INFO]          [PluginManager] - Hytale:InteractionModule
[2026/01/16 19:37:27   INFO]          [PluginManager] - Hytale:EntityModule
[2026/01/16 19:37:27   INFO]          [PluginManager] - Hytale:EntityStatsModule
[2026/01/16 19:37:27   INFO]          [PluginManager] - Hytale:EntityUIModule
[2026/01/16 19:37:27   INFO]          [PluginManager] - Hytale:DamageModule
[2026/01/16 19:37:27   INFO]          [PluginManager] - Hytale:SplitVelocity
[2026/01/16 19:37:27   INFO]          [PluginManager] - Hytale:StaminaModule
[2026/01/16 19:37:27   INFO]          [PluginManager] - Hytale:DebugPlugin
[2026/01/16 19:37:27   INFO]          [PluginManager] - Hytale:ProjectileModule
[2026/01/16 19:37:27   INFO]          [PluginManager] - Hytale:ServerPlayerListModule
[2026/01/16 19:37:27   INFO]          [PluginManager] - Hytale:AccessControlModule
[2026/01/16 19:37:27   INFO]          [PluginManager] - Hytale:SingleplayerModule
[2026/01/16 19:37:27   INFO]          [PluginManager] - Hytale:Universe
[2026/01/16 19:37:27   INFO]          [PluginManager] - Hytale:ConnectedBlocksModule
[2026/01/16 19:37:27   INFO]          [PluginManager] Loading pending classpath plugins!
[2026/01/16 19:37:27   INFO]          [PluginManager] - Hytale:AssetEditor
[2026/01/16 19:37:27   INFO]          [PluginManager] - Hytale:BlockSpawner
[2026/01/16 19:37:27   INFO]          [PluginManager] - Hytale:BlockTick
[2026/01/16 19:37:27   INFO]          [PluginManager] - Hytale:BlockPhysics
[2026/01/16 19:37:27   INFO]          [PluginManager] - Hytale:BuilderTools
[2026/01/16 19:37:27   INFO]          [PluginManager] - Hytale:Crafting
[2026/01/16 19:37:27   INFO]          [PluginManager] - Hytale:CommandMacro
[2026/01/16 19:37:27   INFO]          [PluginManager] - Hytale:Instances
[2026/01/16 19:37:27   INFO]          [PluginManager] - Hytale:LANDiscovery
[2026/01/16 19:37:27   INFO]          [PluginManager] - Hytale:NPC
[2026/01/16 19:37:27   INFO]          [PluginManager] - Hytale:NPCObjectives
[2026/01/16 19:37:27   INFO]          [PluginManager] - Hytale:ObjectiveReputation
[2026/01/16 19:37:27   INFO]          [PluginManager] - Hytale:Objectives
[2026/01/16 19:37:27   INFO]          [PluginManager] - Hytale:ObjectiveShop
[2026/01/16 19:37:27   INFO]          [PluginManager] - Hytale:Path
[2026/01/16 19:37:27   INFO]          [PluginManager] - Hytale:Reputation
[2026/01/16 19:37:27   INFO]          [PluginManager] - Hytale:NPCReputation
[2026/01/16 19:37:27   INFO]          [PluginManager] - Hytale:Shop
[2026/01/16 19:37:27   INFO]          [PluginManager] - Hytale:ShopReputation
[2026/01/16 19:37:27   INFO]          [PluginManager] - Hytale:NPCShop
[2026/01/16 19:37:27   INFO]          [PluginManager] - Hytale:NPCEditor
[2026/01/16 19:37:27   INFO]          [PluginManager] - Hytale:Stash
[2026/01/16 19:37:27   INFO]          [PluginManager] - Hytale:TagSet
[2026/01/16 19:37:27   INFO]          [PluginManager] - Hytale:Teleport
[2026/01/16 19:37:27   INFO]          [PluginManager] - Hytale:Fluid
[2026/01/16 19:37:27   INFO]          [PluginManager] - Hytale:Weather
[2026/01/16 19:37:27   INFO]          [PluginManager] - Hytale:WorldGen
[2026/01/16 19:37:27   INFO]          [PluginManager] - Hytale:Farming
[2026/01/16 19:37:27   INFO]          [PluginManager] - Hytale:Camera
[2026/01/16 19:37:27   INFO]          [PluginManager] - Hytale:WorldLocationCondition
[2026/01/16 19:37:27   INFO]          [PluginManager] - Hytale:NPCCombatActionEvaluator
[2026/01/16 19:37:27   INFO]          [PluginManager] - Hytale:Model
[2026/01/16 19:37:27   INFO]          [PluginManager] - Hytale:Mantling
[2026/01/16 19:37:27   INFO]          [PluginManager] - Hytale:SafetyRoll
[2026/01/16 19:37:27   INFO]          [PluginManager] - Hytale:SprintForce
[2026/01/16 19:37:27   INFO]          [PluginManager] - Hytale:CrouchSlide
[2026/01/16 19:37:27   INFO]          [PluginManager] - Hytale:Parkour
[2026/01/16 19:37:27   INFO]          [PluginManager] - Hytale:Mounts
[2026/01/16 19:37:27   INFO]          [PluginManager] - Hytale:HytaleGenerator
[2026/01/16 19:37:27   INFO]          [PluginManager] - Hytale:Teleporter
[2026/01/16 19:37:27   INFO]          [PluginManager] - Hytale:Memories
[2026/01/16 19:37:27   INFO]          [PluginManager] - Hytale:Deployables
[2026/01/16 19:37:27   INFO]          [PluginManager] - Hytale:Portals
[2026/01/16 19:37:27   INFO]          [PluginManager] - Hytale:Beds
[2026/01/16 19:37:27   INFO]          [PluginManager] - Hytale:Ambience
[2026/01/16 19:37:27   INFO]          [PluginManager] - Hytale:CreativeHub
[2026/01/16 19:37:27   INFO]          [AssetModule|P] Asset monitor enabled!
[2026/01/16 19:37:27   WARN]          [AssetModule|P] Skipping pack at HytaleAssets: missing or invalid manifest.json
[2026/01/16 19:37:27   INFO]          [AssetModule|P] Loading packs from directory: mods
[2026/01/16 19:37:27   WARN]              [org.jline] Unable to create a system terminal, creating a dumb terminal (enable debug logging for more information)
[2026/01/16 19:37:27   INFO]        [ConsoleModule|P] Setup console with type: dumb-color
[2026/01/16 19:37:27   INFO]      [ServerAuthManager] Server certificate set: CN=localhost
[2026/01/16 19:37:27   INFO]          [QUICTransport] Server certificate registered for mutual auth, fingerprint: 3LNycgrJqhtBziIGCuyxhUOu5voykVAE-tjoFKI3foA
[2026/01/16 19:37:28   INFO]          [QUICTransport] Using IPv4 Datagram Channel: NioDatagramChannel(INET)...
[2026/01/16 19:37:28   INFO]          [QUICTransport] Using IPv6 Datagram Channel: NioDatagramChannel(INET6)...
[2026/01/16 19:37:28   INFO]        [ServerManager|P] Took 778ms 714us 800ns to setup transport!
[2026/01/16 19:37:28 SEVERE]      [CosmeticsModule|P] Failed to setup plugin Hytale:CosmeticsModule
java.util.NoSuchElementException
	at java.base/java.util.concurrent.CopyOnWriteArrayList.getFirst(CopyOnWriteArrayList.java:422)
	at com.hypixel.hytale.server.core.asset.AssetModule.getBaseAssetPack(AssetModule.java:170)
	at com.hypixel.hytale.server.core.cosmetics.CosmeticsModule.setup(CosmeticsModule.java:38)
	at com.hypixel.hytale.server.core.plugin.PluginBase.setup0(PluginBase.java:389)
	at com.hypixel.hytale.server.core.plugin.PluginManager.setup(PluginManager.java:757)
	at com.hypixel.hytale.server.core.plugin.PluginManager.setup(PluginManager.java:236)
	at com.hypixel.hytale.server.core.HytaleServer.boot(HytaleServer.java:326)
	at com.hypixel.hytale.server.core.HytaleServer.<init>(HytaleServer.java:284)
	at com.hypixel.hytale.LateMain.lateMain(LateMain.java:54)
	at com.hypixel.hytale.Main.main(Main.java:43)

[2026/01/16 19:37:29   INFO]      [ServerAuthManager] Auth credential store: Memory
[2026/01/16 19:37:29   INFO]           [HytaleServer] Setup phase completed! Boot time 2sec 706ms 14us 300ns
[2026/01/16 19:37:29   INFO]    [AssetRegistryLoader] Loading 91 asset stores...
[2026/01/16 19:37:29   INFO]    [AssetRegistryLoader] Pre-adding assets...
[2026/01/16 19:37:29   INFO]      [CollisionModule|P] Block extents for CollisionSystem is Max=0.0, Min=0.0
[2026/01/16 19:37:29   INFO]                 [Hytale] Loading NPC assets phase...
[2026/01/16 19:37:29   INFO]                 [Hytale] Loading NPC assets phase completed! Boot time 2sec 715ms 91us 600ns, Took 57us 900ns
[2026/01/16 19:37:29   INFO]                 [Hytale] Validating Spawn assets phase...
[2026/01/16 19:37:29   INFO]                 [Hytale] Spawn assets validation phase completed! Boot time 2sec 715ms 297us 900ns, Took 56us 600ns
[2026/01/16 19:37:29 SEVERE]               [EventBus] Failed to dispatch event LoadAssetEvent{bootStart=245176557306300, shouldShutdown=false, reasons=[]} to SyncEventConsumer{consumer=com.hypixel.hytale.builtin.instances.InstancesPlugin$$Lambda/0x0000000097abaef8@2a4bee4e, timedConsumer=com.hypixel.hytale.event.SyncEventBusRegistry$SyncEventConsumer$$Lambda/0x00000000975456a8@9ee368} EventConsumer{index=96, priority=64, consumerString='com.hypixel.hytale.builtin.instances.InstancesPlugin$$Lambda/0x0000000097abaef8@2a4bee4e', timer=Metric{min=9223372036854775807, average=0.0, max=-9223372036854775808}}
java.util.NoSuchElementException
	at java.base/java.util.concurrent.CopyOnWriteArrayList.getFirst(CopyOnWriteArrayList.java:422)
	at com.hypixel.hytale.server.core.asset.AssetModule.getBaseAssetPack(AssetModule.java:170)
	at com.hypixel.hytale.builtin.instances.InstancesPlugin.validateInstanceAssets(InstancesPlugin.java:870)
	at com.hypixel.hytale.event.SyncEventBusRegistry.dispatchEventMap(SyncEventBusRegistry.java:112)
	at com.hypixel.hytale.event.SyncEventBusRegistry$SyncEventConsumerMap.dispatch(SyncEventBusRegistry.java:173)
	at com.hypixel.hytale.event.SyncEventBusRegistry$SyncEventConsumerMap.dispatch(SyncEventBusRegistry.java:163)
	at com.hypixel.hytale.server.core.HytaleServer.boot(HytaleServer.java:335)
	at com.hypixel.hytale.server.core.HytaleServer.<init>(HytaleServer.java:284)
	at com.hypixel.hytale.LateMain.lateMain(LateMain.java:54)
	at com.hypixel.hytale.Main.main(Main.java:43)

[2026/01/16 19:37:29   INFO]           [HytaleServer] Starting plugin manager...
[2026/01/16 19:37:29   INFO]          [PluginManager] Enabled plugin Hytale:WorldLocationCondition
[2026/01/16 19:37:29   INFO]          [PluginManager] Enabled plugin Hytale:ServerManager
[2026/01/16 19:37:29   INFO]          [PluginManager] Enabled plugin Hytale:SprintForce
[2026/01/16 19:37:29   INFO]          [PluginManager] Enabled plugin Hytale:MigrationModule
[2026/01/16 19:37:29   INFO]          [PluginManager] Enabled plugin Hytale:AssetModule
[2026/01/16 19:37:29   INFO]          [PluginManager] Enabled plugin Hytale:ConsoleModule
[2026/01/16 19:37:29   INFO]          [PluginManager] Enabled plugin Hytale:TimeModule
[2026/01/16 19:37:29   INFO]          [PluginManager] Enabled plugin Hytale:CollisionModule
[2026/01/16 19:37:29   INFO]          [PluginManager] Enabled plugin Hytale:DebugPlugin
[2026/01/16 19:37:29   INFO]          [PluginManager] Enabled plugin Hytale:SplitVelocity
[2026/01/16 19:37:29   INFO]          [PluginManager] Enabled plugin Hytale:Model
[2026/01/16 19:37:29   INFO]          [PluginManager] Enabled plugin Hytale:CrouchSlide
[2026/01/16 19:37:29   INFO]        [ServerManager|P] Listening on /[0:0:0:0:0:0:0:0]:5520 and took 2ms 349us 100ns
[2026/01/16 19:37:29   INFO]        [ServerManager|P] Listening on /0.0.0.0:5520 and took 608us 500ns
[2026/01/16 19:37:29   INFO]        [ServerManager|P] Listening on /[0:0:0:0:0:0:0:1]:5520 and took 617us 200ns
[2026/01/16 19:37:29   INFO]          [PluginManager] Enabled plugin Hytale:Universe
[2026/01/16 19:37:29   INFO]          [PluginManager] Enabled plugin Hytale:TagSet
[2026/01/16 19:37:29   INFO]          [PluginManager] Enabled plugin Hytale:AccessControlModule
[2026/01/16 19:37:29   INFO]          [PluginManager] Enabled plugin Hytale:CommandMacro
[2026/01/16 19:37:29   INFO]          [PluginManager] Enabled plugin Hytale:SafetyRoll
[2026/01/16 19:37:29   INFO]          [World|default] Loading world 'default' with generator type: 'HytaleWorldGenProvider{name='Default', path='null'}' and chunk storage: 'DefaultChunkStorageProvider{DEFAULT=IndexedStorageChunkStorageProvider{}}'...
[2026/01/16 19:37:29 SEVERE]      [HytaleGenerator|P] Failed to start Hytale:HytaleGenerator
java.lang.NullPointerException: Cannot invoke "com.hypixel.hytale.builtin.hytalegenerator.assets.SettingsAsset.getCustomConcurrency()" because "settingsAsset" is null
	at com.hypixel.hytale.builtin.hytalegenerator.plugin.HytaleGenerator.getConcurrency(HytaleGenerator.java:349)
	at com.hypixel.hytale.builtin.hytalegenerator.plugin.HytaleGenerator.loadExecutors(HytaleGenerator.java:313)
	at com.hypixel.hytale.builtin.hytalegenerator.plugin.HytaleGenerator.start(HytaleGenerator.java:58)
	at com.hypixel.hytale.server.core.plugin.PluginBase.start0(PluginBase.java:410)
	at com.hypixel.hytale.server.core.plugin.JavaPlugin.start0(JavaPlugin.java:49)
	at com.hypixel.hytale.server.core.plugin.PluginManager.start(PluginManager.java:781)
	at com.hypixel.hytale.server.core.plugin.PluginManager.start(PluginManager.java:248)
	at com.hypixel.hytale.server.core.HytaleServer.boot(HytaleServer.java:358)
	at com.hypixel.hytale.server.core.HytaleServer.<init>(HytaleServer.java:284)
	at com.hypixel.hytale.LateMain.lateMain(LateMain.java:54)
	at com.hypixel.hytale.Main.main(Main.java:43)

[2026/01/16 19:37:29   INFO]          [PluginManager] Enabled plugin Hytale:ItemModule
[2026/01/16 19:37:29   INFO]          [PluginManager] Enabled plugin Hytale:CommonAssetModule
[2026/01/16 19:37:29   INFO]          [PluginManager] Enabled plugin Hytale:I18nModule
[2026/01/16 19:37:29   INFO]          [PluginManager] Enabled plugin Hytale:LegacyModule
[2026/01/16 19:37:29   INFO]          [PluginManager] Enabled plugin Hytale:LANDiscovery
[2026/01/16 19:37:29   INFO]          [PluginManager] Enabled plugin Hytale:Mantling
[2026/01/16 19:37:29   INFO]          [World|default] Added world 'default' - Seed: 1768592249181, GameTime: 0001-01-01T05:30:00Z
[2026/01/16 19:37:29   INFO]          [PluginManager] Enabled plugin Hytale:PermissionsModule
[2026/01/16 19:37:29   INFO]          [PluginManager] Enabled plugin Hytale:Deployables
[2026/01/16 19:37:29   INFO]          [PluginManager] Enabled plugin Hytale:BlockSetModule
[2026/01/16 19:37:29   INFO]          [PluginManager] Enabled plugin Hytale:FlyCameraModule
[2026/01/16 19:37:29 SEVERE]         [EntityModule|P] Failed to start Hytale:EntityModule
java.lang.IllegalStateException: Missing default DamageCause assets
	at com.hypixel.hytale.server.core.modules.entity.EntityModule.start(EntityModule.java:630)
	at com.hypixel.hytale.server.core.plugin.PluginBase.start0(PluginBase.java:410)
	at com.hypixel.hytale.server.core.plugin.JavaPlugin.start0(JavaPlugin.java:49)
	at com.hypixel.hytale.server.core.plugin.PluginManager.start(PluginManager.java:781)
	at com.hypixel.hytale.server.core.plugin.PluginManager.start(PluginManager.java:248)
	at com.hypixel.hytale.server.core.HytaleServer.boot(HytaleServer.java:358)
	at com.hypixel.hytale.server.core.HytaleServer.<init>(HytaleServer.java:284)
	at com.hypixel.hytale.LateMain.lateMain(LateMain.java:54)
	at com.hypixel.hytale.Main.main(Main.java:43)

[2026/01/16 19:37:29 SEVERE]           [HytaleServer] Failed to boot HytaleServer!
java.lang.NullPointerException: Cannot invoke "com.hypixel.hytale.component.ComponentType.getIndex()" because "componentTypes" is null
	at com.hypixel.hytale.component.Archetype.of(Archetype.java:265)
	at com.hypixel.hytale.builtin.path.PrefabPathSystems$NameplateHolderSystem.getQuery(PrefabPathSystems.java:152)
	at com.hypixel.hytale.component.ComponentRegistry.unregisterComponent(ComponentRegistry.java:424)
	at com.hypixel.hytale.component.ComponentRegistryProxy.lambda$registerComponentType$0(ComponentRegistryProxy.java:118)
	at com.hypixel.hytale.server.core.plugin.PluginBase.cleanup(PluginBase.java:466)
	at com.hypixel.hytale.server.core.plugin.PluginBase.shutdown0(PluginBase.java:437)
	at com.hypixel.hytale.server.core.plugin.PluginManager.start(PluginManager.java:785)
	at com.hypixel.hytale.server.core.plugin.PluginManager.start(PluginManager.java:248)
	at com.hypixel.hytale.server.core.HytaleServer.boot(HytaleServer.java:358)
	at com.hypixel.hytale.server.core.HytaleServer.<init>(HytaleServer.java:284)
	at com.hypixel.hytale.LateMain.lateMain(LateMain.java:54)
	at com.hypixel.hytale.Main.main(Main.java:43)

[2026/01/16 19:37:29   INFO]           [HytaleServer] Getting Hytale Universe ready...
[2026/01/16 19:37:29   INFO]           [HytaleServer] Shutdown triggered!!!
[2026/01/16 19:37:29   INFO]           [HytaleServer] Shutting down... 1  'Failed to start server! Cannot invoke "com.hypixel.hytale.component.ComponentType.getIndex()" because "componentTypes" is null'
[2026/01/16 19:37:29   INFO]             [Universe|P] Removing world exceptionally: default
[2026/01/16 19:37:29   INFO]          [World|default] Removing individual world: default
[2026/01/16 19:37:29 SEVERE]                 [Hytale] Unhandled exception! Thread[#42,ForkJoinPool.commonPool-worker-1,5,InnocuousForkJoinWorkerThreadGroup]
java.util.concurrent.CompletionException: java.util.NoSuchElementException
	at java.base/java.util.concurrent.CompletableFuture.wrapInCompletionException(CompletableFuture.java:323)
	at java.base/java.util.concurrent.CompletableFuture.encodeThrowable(CompletableFuture.java:359)
	at java.base/java.util.concurrent.CompletableFuture.completeThrowable(CompletableFuture.java:364)
	at java.base/java.util.concurrent.CompletableFuture$AsyncSupply.run(CompletableFuture.java:1791)
	at java.base/java.util.concurrent.CompletableFuture$AsyncSupply.exec(CompletableFuture.java:1781)
	at java.base/java.util.concurrent.ForkJoinTask.doExec(ForkJoinTask.java:511)
	at java.base/java.util.concurrent.ForkJoinPool$WorkQueue.topLevelExec(ForkJoinPool.java:1450)
	at java.base/java.util.concurrent.ForkJoinPool.runWorker(ForkJoinPool.java:2019)
	at java.base/java.util.concurrent.ForkJoinWorkerThread.run(ForkJoinWorkerThread.java:187)
Caused by: java.util.NoSuchElementException
	at java.base/java.util.concurrent.CopyOnWriteArrayList.getFirst(CopyOnWriteArrayList.java:422)
	at com.hypixel.hytale.server.core.asset.AssetModule.getBaseAssetPack(AssetModule.java:170)
	at com.hypixel.hytale.server.core.util.AssetUtil.getHytaleAssetsPath(AssetUtil.java:15)
	at com.hypixel.hytale.server.core.universe.Universe.getWorldGenPath(Universe.java:1207)
	at com.hypixel.hytale.server.worldgen.HytaleWorldGenProvider.getGenerator(HytaleWorldGenProvider.java:52)
	at com.hypixel.hytale.server.core.universe.world.World.lambda$init$0(World.java:285)
	at java.base/java.util.concurrent.CompletableFuture$AsyncSupply.run(CompletableFuture.java:1789)
	... 5 more

[2026/01/16 19:37:29 SEVERE]                 [Hytale] Unhandled exception! Thread[#42,ForkJoinPool.commonPool-worker-1,5,InnocuousForkJoinWorkerThreadGroup]
java.util.concurrent.CompletionException: com.hypixel.hytale.common.util.CompletableFutureUtil$TailedRuntimeException: java.util.concurrent.CompletionException: java.util.NoSuchElementException
	at java.base/java.util.concurrent.CompletableFuture.wrapInCompletionException(CompletableFuture.java:323)
	at java.base/java.util.concurrent.CompletableFuture.encodeThrowable(CompletableFuture.java:359)
	at java.base/java.util.concurrent.CompletableFuture.completeThrowable(CompletableFuture.java:364)
	at java.base/java.util.concurrent.CompletableFuture.uniExceptionally(CompletableFuture.java:1015)
	at java.base/java.util.concurrent.CompletableFuture$UniExceptionally.tryFire(CompletableFuture.java:995)
	at java.base/java.util.concurrent.CompletableFuture.postComplete(CompletableFuture.java:531)
	at java.base/java.util.concurrent.CompletableFuture$AsyncSupply.run(CompletableFuture.java:1794)
	at java.base/java.util.concurrent.CompletableFuture$AsyncSupply.exec(CompletableFuture.java:1781)
	at java.base/java.util.concurrent.ForkJoinTask.doExec(ForkJoinTask.java:511)
	at java.base/java.util.concurrent.ForkJoinPool$WorkQueue.topLevelExec(ForkJoinPool.java:1450)
	at java.base/java.util.concurrent.ForkJoinPool.runWorker(ForkJoinPool.java:2019)
	at java.base/java.util.concurrent.ForkJoinWorkerThread.run(ForkJoinWorkerThread.java:187)
Caused by: com.hypixel.hytale.common.util.CompletableFutureUtil$TailedRuntimeException: java.util.concurrent.CompletionException: java.util.NoSuchElementException
	at com.hypixel.hytale.common.util.CompletableFutureUtil.lambda$static$0(CompletableFutureUtil.java:27)
	at java.base/java.util.concurrent.CompletableFuture.uniExceptionally(CompletableFuture.java:1011)
	... 8 more
Caused by: java.util.concurrent.CompletionException: java.util.NoSuchElementException
	at java.base/java.util.concurrent.CompletableFuture.wrapInCompletionException(CompletableFuture.java:323)
	at java.base/java.util.concurrent.CompletableFuture.encodeThrowable(CompletableFuture.java:359)
	at java.base/java.util.concurrent.CompletableFuture.completeThrowable(CompletableFuture.java:364)
	at java.base/java.util.concurrent.CompletableFuture$AsyncSupply.run(CompletableFuture.java:1791)
	... 5 more
Caused by: java.util.NoSuchElementException
	at java.base/java.util.concurrent.CopyOnWriteArrayList.getFirst(CopyOnWriteArrayList.java:422)
	at com.hypixel.hytale.server.core.asset.AssetModule.getBaseAssetPack(AssetModule.java:170)
	at com.hypixel.hytale.server.core.util.AssetUtil.getHytaleAssetsPath(AssetUtil.java:15)
	at com.hypixel.hytale.server.core.universe.Universe.getWorldGenPath(Universe.java:1207)
	at com.hypixel.hytale.server.worldgen.HytaleWorldGenProvider.getGenerator(HytaleWorldGenProvider.java:52)
	at com.hypixel.hytale.server.core.universe.world.World.lambda$init$0(World.java:285)
	at java.base/java.util.concurrent.CompletableFuture$AsyncSupply.run(CompletableFuture.java:1789)
	... 5 more

[2026/01/16 19:37:29 SEVERE]                   [SERR] java.util.concurrent.CompletionException: com.hypixel.hytale.common.util.CompletableFutureUtil$TailedRuntimeException: java.util.concurrent.CompletionException: com.hypixel.hytale.common.util.CompletableFutureUtil$TailedRuntimeException: java.util.concurrent.CompletionException: java.util.NoSuchElementException
[2026/01/16 19:37:29 SEVERE]                   [SERR] 	at java.base/java.util.concurrent.CompletableFuture.wrapInCompletionException(CompletableFuture.java:323)
[2026/01/16 19:37:29 SEVERE]                   [SERR] 	at java.base/java.util.concurrent.CompletableFuture.encodeThrowable(CompletableFuture.java:359)
[2026/01/16 19:37:29 SEVERE]                   [SERR] 	at java.base/java.util.concurrent.CompletableFuture.completeThrowable(CompletableFuture.java:364)
[2026/01/16 19:37:29 SEVERE]                   [SERR] 	at java.base/java.util.concurrent.CompletableFuture.uniExceptionally(CompletableFuture.java:1015)
[2026/01/16 19:37:29 SEVERE]                   [SERR] 	at java.base/java.util.concurrent.CompletableFuture$UniExceptionally.tryFire(CompletableFuture.java:995)
[2026/01/16 19:37:29 SEVERE]                   [SERR] 	at java.base/java.util.concurrent.CompletableFuture.postComplete(CompletableFuture.java:531)
[2026/01/16 19:37:29 SEVERE]                   [SERR] 	at java.base/java.util.concurrent.CompletableFuture$AsyncSupply.run(CompletableFuture.java:1794)
[2026/01/16 19:37:29 SEVERE]                   [SERR] 	at java.base/java.util.concurrent.CompletableFuture$AsyncSupply.exec(CompletableFuture.java:1781)
[2026/01/16 19:37:29 SEVERE]                   [SERR] 	at java.base/java.util.concurrent.ForkJoinTask.doExec(ForkJoinTask.java:511)
[2026/01/16 19:37:29 SEVERE]                   [SERR] 	at java.base/java.util.concurrent.ForkJoinPool$WorkQueue.topLevelExec(ForkJoinPool.java:1450)
[2026/01/16 19:37:29 SEVERE]                   [SERR] 	at java.base/java.util.concurrent.ForkJoinPool.runWorker(ForkJoinPool.java:2019)
[2026/01/16 19:37:29 SEVERE]                   [SERR] 	at java.base/java.util.concurrent.ForkJoinWorkerThread.run(ForkJoinWorkerThread.java:187)
[2026/01/16 19:37:29 SEVERE]                   [SERR] Caused by: com.hypixel.hytale.common.util.CompletableFutureUtil$TailedRuntimeException: java.util.concurrent.CompletionException: com.hypixel.hytale.common.util.CompletableFutureUtil$TailedRuntimeException: java.util.concurrent.CompletionException: java.util.NoSuchElementException
[2026/01/16 19:37:29 SEVERE]                   [SERR] 	at com.hypixel.hytale.common.util.CompletableFutureUtil.lambda$static$0(CompletableFutureUtil.java:27)
[2026/01/16 19:37:29 SEVERE]                   [SERR] 	at java.base/java.util.concurrent.CompletableFuture.uniExceptionally(CompletableFuture.java:1011)
[2026/01/16 19:37:29 SEVERE]                   [SERR] 	... 8 more
[2026/01/16 19:37:29 SEVERE]                   [SERR] Caused by: java.util.concurrent.CompletionException: com.hypixel.hytale.common.util.CompletableFutureUtil$TailedRuntimeException: java.util.concurrent.CompletionException: java.util.NoSuchElementException
[2026/01/16 19:37:29 SEVERE]                   [SERR] 	at java.base/java.util.concurrent.CompletableFuture.wrapInCompletionException(CompletableFuture.java:323)
[2026/01/16 19:37:29 SEVERE]                   [SERR] 	at java.base/java.util.concurrent.CompletableFuture.encodeThrowable(CompletableFuture.java:359)
[2026/01/16 19:37:29 SEVERE]                   [SERR] 	at java.base/java.util.concurrent.CompletableFuture.completeThrowable(CompletableFuture.java:364)
[2026/01/16 19:37:29 SEVERE]                   [SERR] 	at java.base/java.util.concurrent.CompletableFuture.uniExceptionally(CompletableFuture.java:1015)
[2026/01/16 19:37:29 SEVERE]                   [SERR] 	... 8 more
[2026/01/16 19:37:29 SEVERE]                   [SERR] Caused by: com.hypixel.hytale.common.util.CompletableFutureUtil$TailedRuntimeException: java.util.concurrent.CompletionException: java.util.NoSuchElementException
[2026/01/16 19:37:29 SEVERE]                   [SERR] 	at com.hypixel.hytale.common.util.CompletableFutureUtil.lambda$static$0(CompletableFutureUtil.java:27)
[2026/01/16 19:37:29 SEVERE]                   [SERR] 	at java.base/java.util.concurrent.CompletableFuture.uniExceptionally(CompletableFuture.java:1011)
[2026/01/16 19:37:29 SEVERE]                   [SERR] 	... 8 more
[2026/01/16 19:37:29 SEVERE]                   [SERR] Caused by: java.util.concurrent.CompletionException: java.util.NoSuchElementException
[2026/01/16 19:37:29 SEVERE]                   [SERR] 	at java.base/java.util.concurrent.CompletableFuture.wrapInCompletionException(CompletableFuture.java:323)
[2026/01/16 19:37:29 SEVERE]                   [SERR] 	at java.base/java.util.concurrent.CompletableFuture.encodeThrowable(CompletableFuture.java:359)
[2026/01/16 19:37:29 SEVERE]                   [SERR] 	at java.base/java.util.concurrent.CompletableFuture.completeThrowable(CompletableFuture.java:364)
[2026/01/16 19:37:29 SEVERE]                   [SERR] 	at java.base/java.util.concurrent.CompletableFuture$AsyncSupply.run(CompletableFuture.java:1791)
[2026/01/16 19:37:29 SEVERE]                   [SERR] 	... 5 more
[2026/01/16 19:37:29 SEVERE]                   [SERR] Caused by: java.util.NoSuchElementException
[2026/01/16 19:37:29 SEVERE]                   [SERR] 	at java.base/java.util.concurrent.CopyOnWriteArrayList.getFirst(CopyOnWriteArrayList.java:422)
[2026/01/16 19:37:29 SEVERE]                   [SERR] 	at com.hypixel.hytale.server.core.asset.AssetModule.getBaseAssetPack(AssetModule.java:170)
[2026/01/16 19:37:29 SEVERE]                   [SERR] 	at com.hypixel.hytale.server.core.util.AssetUtil.getHytaleAssetsPath(AssetUtil.java:15)
[2026/01/16 19:37:29 SEVERE]                   [SERR] 	at com.hypixel.hytale.server.core.universe.Universe.getWorldGenPath(Universe.java:1207)
[2026/01/16 19:37:29 SEVERE]                   [SERR] 	at com.hypixel.hytale.server.worldgen.HytaleWorldGenProvider.getGenerator(HytaleWorldGenProvider.java:52)
[2026/01/16 19:37:29 SEVERE]                   [SERR] 	at com.hypixel.hytale.server.core.universe.world.World.lambda$init$0(World.java:285)
[2026/01/16 19:37:29 SEVERE]                   [SERR] 	at java.base/java.util.concurrent.CompletableFuture$AsyncSupply.run(CompletableFuture.java:1789)
[2026/01/16 19:37:29 SEVERE]                   [SERR] 	... 5 more
[2026/01/16 19:37:29 SEVERE]                 [Hytale] Exception in thread: Thread[#3,main,5,main]
java.lang.RuntimeException: Failed to create HytaleServer
	at com.hypixel.hytale.LateMain.lateMain(LateMain.java:58)
	at com.hypixel.hytale.Main.main(Main.java:43)
Caused by: java.util.concurrent.CompletionException: com.hypixel.hytale.common.util.CompletableFutureUtil$TailedRuntimeException: java.util.concurrent.CompletionException: com.hypixel.hytale.common.util.CompletableFutureUtil$TailedRuntimeException: java.util.concurrent.CompletionException: java.util.NoSuchElementException
	at java.base/java.util.concurrent.CompletableFuture.wrapInCompletionException(CompletableFuture.java:323)
	at java.base/java.util.concurrent.CompletableFuture.encodeThrowable(CompletableFuture.java:359)
	at java.base/java.util.concurrent.CompletableFuture.completeThrowable(CompletableFuture.java:364)
	at java.base/java.util.concurrent.CompletableFuture.uniExceptionally(CompletableFuture.java:1015)
	at java.base/java.util.concurrent.CompletableFuture$UniExceptionally.tryFire(CompletableFuture.java:995)
	at java.base/java.util.concurrent.CompletableFuture.postComplete(CompletableFuture.java:531)
	at java.base/java.util.concurrent.CompletableFuture$AsyncSupply.run(CompletableFuture.java:1794)
	at java.base/java.util.concurrent.CompletableFuture$AsyncSupply.exec(CompletableFuture.java:1781)
	at java.base/java.util.concurrent.ForkJoinTask.doExec(ForkJoinTask.java:511)
	at java.base/java.util.concurrent.ForkJoinPool$WorkQueue.topLevelExec(ForkJoinPool.java:1450)
	at java.base/java.util.concurrent.ForkJoinPool.runWorker(ForkJoinPool.java:2019)
	at java.base/java.util.concurrent.ForkJoinWorkerThread.run(ForkJoinWorkerThread.java:187)
Caused by: com.hypixel.hytale.common.util.CompletableFutureUtil$TailedRuntimeException: java.util.concurrent.CompletionException: com.hypixel.hytale.common.util.CompletableFutureUtil$TailedRuntimeException: java.util.concurrent.CompletionException: java.util.NoSuchElementException
	at com.hypixel.hytale.common.util.CompletableFutureUtil.lambda$static$0(CompletableFutureUtil.java:27)
	at java.base/java.util.concurrent.CompletableFuture.uniExceptionally(CompletableFuture.java:1011)
	... 8 more
Caused by: java.util.concurrent.CompletionException: com.hypixel.hytale.common.util.CompletableFutureUtil$TailedRuntimeException: java.util.concurrent.CompletionException: java.util.NoSuchElementException
	at java.base/java.util.concurrent.CompletableFuture.wrapInCompletionException(CompletableFuture.java:323)
	at java.base/java.util.concurrent.CompletableFuture.encodeThrowable(CompletableFuture.java:359)
	at java.base/java.util.concurrent.CompletableFuture.completeThrowable(CompletableFuture.java:364)
	at java.base/java.util.concurrent.CompletableFuture.uniExceptionally(CompletableFuture.java:1015)
	... 8 more
Caused by: com.hypixel.hytale.common.util.CompletableFutureUtil$TailedRuntimeException: java.util.concurrent.CompletionException: java.util.NoSuchElementException
	at com.hypixel.hytale.common.util.CompletableFutureUtil.lambda$static$0(CompletableFutureUtil.java:27)
	at java.base/java.util.concurrent.CompletableFuture.uniExceptionally(CompletableFuture.java:1011)
	... 8 more
Caused by: java.util.concurrent.CompletionException: java.util.NoSuchElementException
	at java.base/java.util.concurrent.CompletableFuture.wrapInCompletionException(CompletableFuture.java:323)
	at java.base/java.util.concurrent.CompletableFuture.encodeThrowable(CompletableFuture.java:359)
	at java.base/java.util.concurrent.CompletableFuture.completeThrowable(CompletableFuture.java:364)
	at java.base/java.util.concurrent.CompletableFuture$AsyncSupply.run(CompletableFuture.java:1791)
	... 5 more
Caused by: java.util.NoSuchElementException
	at java.base/java.util.concurrent.CopyOnWriteArrayList.getFirst(CopyOnWriteArrayList.java:422)
	at com.hypixel.hytale.server.core.asset.AssetModule.getBaseAssetPack(AssetModule.java:170)
	at com.hypixel.hytale.server.core.util.AssetUtil.getHytaleAssetsPath(AssetUtil.java:15)
	at com.hypixel.hytale.server.core.universe.Universe.getWorldGenPath(Universe.java:1207)
	at com.hypixel.hytale.server.worldgen.HytaleWorldGenProvider.getGenerator(HytaleWorldGenProvider.java:52)
	at com.hypixel.hytale.server.core.universe.world.World.lambda$init$0(World.java:285)
	at java.base/java.util.concurrent.CompletableFuture$AsyncSupply.run(CompletableFuture.java:1789)
	... 5 more

[2026/01/16 19:37:29   INFO]        [ServerManager|P] Closed listener [id: 0xb189cb90, L:/[0:0:0:0:0:0:0:0]:5520] and took 17ms 464us 600ns
[2026/01/16 19:37:29   INFO]        [ServerManager|P] Closed listener [id: 0xc9d37d52, L:/0.0.0.0:5520] and took 118us 700ns
[2026/01/16 19:37:29   INFO]        [ServerManager|P] Closed listener [id: 0x23adf179, L:/[0:0:0:0:0:0:0:1]:5520] and took 124us 300ns
[2026/01/16 19:37:29   INFO]          [PluginManager] Saving plugins config...
[2026/01/16 19:37:29   INFO]          [PluginManager] Shut down plugin Hytale:FlyCameraModule
[2026/01/16 19:37:29   INFO]          [PluginManager] Shut down plugin Hytale:BlockSetModule
[2026/01/16 19:37:29   INFO]          [PluginManager] Shut down plugin Hytale:Deployables
[2026/01/16 19:37:29   INFO]          [PluginManager] Shut down plugin Hytale:PermissionsModule
[2026/01/16 19:37:29   INFO]          [PluginManager] Shut down plugin Hytale:Mantling
[2026/01/16 19:37:29   INFO]          [PluginManager] Shut down plugin Hytale:LANDiscovery
[2026/01/16 19:37:29   INFO]          [PluginManager] Shut down plugin Hytale:LegacyModule
[2026/01/16 19:37:29   INFO]          [PluginManager] Shut down plugin Hytale:I18nModule
[2026/01/16 19:37:29   INFO]          [PluginManager] Shut down plugin Hytale:CommonAssetModule
[2026/01/16 19:37:29   INFO]          [PluginManager] Shut down plugin Hytale:ItemModule
[2026/01/16 19:37:29   INFO]          [PluginManager] Shut down plugin Hytale:SafetyRoll
[2026/01/16 19:37:29   INFO]          [PluginManager] Shut down plugin Hytale:CommandMacro
[2026/01/16 19:37:29   INFO]          [PluginManager] Shut down plugin Hytale:AccessControlModule
[2026/01/16 19:37:29   INFO]          [PluginManager] Shut down plugin Hytale:TagSet
[2026/01/16 19:37:29   INFO]          [PluginManager] Shut down plugin Hytale:Universe
[2026/01/16 19:37:29   INFO]          [PluginManager] Shut down plugin Hytale:CrouchSlide
[2026/01/16 19:37:29   INFO]          [PluginManager] Shut down plugin Hytale:Model
[2026/01/16 19:37:29   INFO]          [PluginManager] Shut down plugin Hytale:SplitVelocity
[2026/01/16 19:37:29   INFO]          [PluginManager] Shut down plugin Hytale:DebugPlugin
[2026/01/16 19:37:29   INFO]          [PluginManager] Shut down plugin Hytale:CollisionModule
[2026/01/16 19:37:29   INFO]          [PluginManager] Shut down plugin Hytale:TimeModule
[2026/01/16 19:37:29   INFO]        [ConsoleModule|P] Restoring terminal...
[2026/01/16 19:37:29   INFO]          [PluginManager] Shut down plugin Hytale:ConsoleModule
[2026/01/16 19:37:29   INFO]      [PathWatcherThread] Stopped polling for changes in assets. Server will need to be rebooted to load changes!
[2026/01/16 19:37:29   INFO]          [PluginManager] Shut down plugin Hytale:AssetModule
[2026/01/16 19:37:29   INFO]          [PluginManager] Shut down plugin Hytale:MigrationModule
[2026/01/16 19:37:29   INFO]          [PluginManager] Shut down plugin Hytale:SprintForce
[2026/01/16 19:37:29   INFO]          [QUICTransport] Shutting down workerGroup...
[2026/01/16 19:37:29   INFO]        [ServerManager|P] Finished shutting down ServerManager...
[2026/01/16 19:37:29   INFO]          [PluginManager] Shut down plugin Hytale:ServerManager
[2026/01/16 19:37:29   INFO]          [PluginManager] Shut down plugin Hytale:WorldLocationCondition
[2026/01/16 19:37:29   INFO]           [HytaleServer] Saving config...
[2026/01/16 19:37:29   INFO]           [HytaleServer] Shutdown completed!
